[INFO ] 2020-12-04 21:07:46.368 [main] [DriverManager] - Initializing webdriver instance
[INFO ] 2020-12-04 21:08:36.966 [main] [LoginTest] - TEST. Standard User Login
[INFO ] 2020-12-04 21:08:37.058 [main] [LoginTest] - STEP. The user is at Login page
[INFO ] 2020-12-04 21:08:37.192 [main] [BasePage] - Navigating to landing page
[INFO ] 2020-12-04 21:08:55.576 [main] [LoginTest] - STEP. The user fills the Username field
[INFO ] 2020-12-04 21:08:55.592 [main] [LoginPage] - Filling Username field with [standard_user]
[INFO ] 2020-12-04 21:08:56.313 [main] [LoginTest] - STEP. The user fills the Password field
[INFO ] 2020-12-04 21:08:56.313 [main] [LoginPage] - Filling Password field with [secret_sauce]
[INFO ] 2020-12-04 21:08:56.410 [main] [LoginTest] - STEP. The user clicks on Continue button
[INFO ] 2020-12-04 21:08:56.411 [main] [LoginPage] - Clicking on Login button
[INFO ] 2020-12-04 21:08:57.479 [main] [LoginTest] - VERIFY. The user should be authenticated
[INFO ] 2020-12-04 21:08:57.480 [main] [ProductsPage] - Checking if Header Container is displayed
[INFO ] 2020-12-04 21:08:57.689 [main] [DriverManager] - Stopping webdriver instance
[INFO ] 2020-12-04 21:08:58.326 [main] [DriverManager] - Initializing webdriver instance
[INFO ] 2020-12-04 21:09:16.614 [main] [PurchaseTest] - TEST. Purchase all the T-Shirts
[INFO ] 2020-12-04 21:09:16.660 [main] [PurchaseTest] - STEP. The user is at Login page
[INFO ] 2020-12-04 21:09:16.660 [main] [BasePage] - Navigating to landing page
[INFO ] 2020-12-04 21:09:38.977 [main] [PurchaseTest] - STEP. The user performs login as Standard User
[INFO ] 2020-12-04 21:09:39.063 [main] [LoginHelper] - STEP. The user fills the Username field
[INFO ] 2020-12-04 21:09:39.064 [main] [LoginPage] - Filling Username field with [standard_user]
[INFO ] 2020-12-04 21:09:39.620 [main] [LoginHelper] - STEP. The user fills the Password field
[INFO ] 2020-12-04 21:09:39.620 [main] [LoginPage] - Filling Password field with [secret_sauce]
[INFO ] 2020-12-04 21:09:39.701 [main] [LoginHelper] - STEP. The user clicks on Login button
[INFO ] 2020-12-04 21:09:39.702 [main] [LoginPage] - Clicking on Login button
[INFO ] 2020-12-04 21:09:41.449 [main] [PurchaseTest] - STEP. The user adds all the T-Shirts to the shopping cart
[INFO ] 2020-12-04 21:09:42.014 [main] [ProductsPage] - Adding product [Sauce Labs Bolt T-Shirt] to shopping cart
[INFO ] 2020-12-04 21:09:42.227 [main] [ProductsPage] - Adding product [Test.allTheThings() T-Shirt (Red)] to shopping cart
[INFO ] 2020-12-04 21:09:42.399 [main] [PurchaseTest] - VERIFY. Shopping Cart Badge should count the total number of T-Shirts
[INFO ] 2020-12-04 21:09:42.421 [main] [PurchaseTest] - STEP. The user clicks on Shopping Cart link
[INFO ] 2020-12-04 21:09:42.422 [main] [ProductsPage] - Clicking on Shopping Cart link
[INFO ] 2020-12-04 21:09:43.030 [main] [PurchaseTest] - VERIFY. Shopping Cart items should count the total number of T-shirts added
[INFO ] 2020-12-04 21:09:43.048 [main] [PurchaseTest] - STEP. The user clicks on Checkout button
[INFO ] 2020-12-04 21:09:43.048 [main] [ShoppingCartPage] - Clicking on Checkout button
[INFO ] 2020-12-04 21:09:43.219 [main] [PurchaseTest] - STEP. The user fills the First Name field
[INFO ] 2020-12-04 21:09:43.219 [main] [CheckoutYourInformationPage] - Filling First Name field with [John]
[INFO ] 2020-12-04 21:09:43.414 [main] [PurchaseTest] - STEP. The user fills the Last Name field
[INFO ] 2020-12-04 21:09:43.415 [main] [CheckoutYourInformationPage] - Filling Last Name field with [Bryant]
[INFO ] 2020-12-04 21:09:43.492 [main] [PurchaseTest] - STEP. The user fills the Postal Code field
[INFO ] 2020-12-04 21:09:43.493 [main] [CheckoutYourInformationPage] - Filling Postal Code field with [10016]
[INFO ] 2020-12-04 21:09:43.555 [main] [PurchaseTest] - STEP. The user clicks on Continue button
[INFO ] 2020-12-04 21:09:43.555 [main] [CheckoutYourInformationPage] - Clicking on Continue button
[INFO ] 2020-12-04 21:09:43.742 [main] [PurchaseTest] - VERIFY. Order subtotal value should match the sum of the added T-Shirts price
[INFO ] 2020-12-04 21:09:43.768 [main] [PurchaseTest] - STEP. The user clicks on Finish button
[INFO ] 2020-12-04 21:09:43.768 [main] [CheckoutOverviewPage] - Clicking on Finish button
[INFO ] 2020-12-04 21:09:44.038 [main] [PurchaseTest] - VERIFY. Order Confirmation message is displayed
[INFO ] 2020-12-04 21:09:44.038 [main] [CheckoutCompletePage] - Checking if Order Confirmation Container is displayed
[INFO ] 2020-12-04 21:09:44.084 [main] [DriverManager] - Stopping webdriver instance
